0 info it worked if it ends with ok
1 verbose cli [ 'C:\\Program Files\\nodejs\\node.exe',
1 verbose cli   'C:\\Program Files\\nodejs\\node_modules\\npm\\bin\\npm-cli.js',
1 verbose cli   'run',
1 verbose cli   'dev' ]
2 info using npm@3.10.10
3 info using node@v6.11.5
4 verbose run-script [ 'predev', 'dev', 'postdev' ]
5 info lifecycle truffle-init-webpack@0.0.2~predev: truffle-init-webpack@0.0.2
6 silly lifecycle truffle-init-webpack@0.0.2~predev: no script for predev, continuing
7 info lifecycle truffle-init-webpack@0.0.2~dev: truffle-init-webpack@0.0.2
8 verbose lifecycle truffle-init-webpack@0.0.2~dev: unsafe-perm in lifecycle true
9 verbose lifecycle truffle-init-webpack@0.0.2~dev: PATH: C:\Program Files\nodejs\node_modules\npm\bin\node-gyp-bin;C:\Users\Jeff\Desktop\Flex\node_modules\.bin;C:\Program Files (x86)\Intel\iCLS Client\;C:\Program Files\Intel\iCLS Client\;C:\WINDOWS\system32;C:\WINDOWS;C:\WINDOWS\System32\Wbem;C:\WINDOWS\System32\WindowsPowerShell\v1.0\;C:\Program Files (x86)\Intel\Intel(R) Management Engine Components\DAL;C:\Program Files\Intel\Intel(R) Management Engine Components\DAL;C:\Program Files (x86)\Intel\Intel(R) Management Engine Components\IPT;C:\Program Files\Intel\Intel(R) Management Engine Components\IPT;C:\Program Files\Intel\WiFi\bin\;C:\Program Files\Common Files\Intel\WirelessCommon\;C:\Program Files\Git\cmd;C:\Program Files\PostgreSQL\10\bin\;C:\Program Files\sqlite\;C:\Program Files\nodejs\;C:\Go\bin;C:\Program Files\Geth;C:\HashiCorp\Vagrant\bin;C:\Ruby24-x64\bin;C:\Users\Jeff\AppData\Local\Microsoft\WindowsApps;C:\Users\Jeff\AppData\Local\atom\bin;C:\Users\Jeff\AppData\Local\GitHubDesktop\bin;C:\Users\Jeff\AppData\Roaming\npm;C:\Users\Jeff\AppData\Local\Microsoft\WindowsApps;C:\Program Files\Heroku\bin
10 verbose lifecycle truffle-init-webpack@0.0.2~dev: CWD: C:\Users\Jeff\Desktop\Flex
11 silly lifecycle truffle-init-webpack@0.0.2~dev: Args: [ '/d /s /c', 'webpack-dev-server' ]
12 silly lifecycle truffle-init-webpack@0.0.2~dev: Returned: code: 3221225786  signal: null
13 info lifecycle truffle-init-webpack@0.0.2~dev: Failed to exec dev script
14 verbose stack Error: truffle-init-webpack@0.0.2 dev: `webpack-dev-server`
14 verbose stack Exit status 3221225786
14 verbose stack     at EventEmitter.<anonymous> (C:\Program Files\nodejs\node_modules\npm\lib\utils\lifecycle.js:255:16)
14 verbose stack     at emitTwo (events.js:106:13)
14 verbose stack     at EventEmitter.emit (events.js:191:7)
14 verbose stack     at ChildProcess.<anonymous> (C:\Program Files\nodejs\node_modules\npm\lib\utils\spawn.js:40:14)
14 verbose stack     at emitTwo (events.js:106:13)
14 verbose stack     at ChildProcess.emit (events.js:191:7)
14 verbose stack     at maybeClose (internal/child_process.js:920:16)
14 verbose stack     at Process.ChildProcess._handle.onexit (internal/child_process.js:230:5)
15 verbose pkgid truffle-init-webpack@0.0.2
16 verbose cwd C:\Users\Jeff\Desktop\Flex
17 error Windows_NT 10.0.16299
18 error argv "C:\\Program Files\\nodejs\\node.exe" "C:\\Program Files\\nodejs\\node_modules\\npm\\bin\\npm-cli.js" "run" "dev"
19 error node v6.11.5
20 error npm  v3.10.10
21 error code ELIFECYCLE
22 error truffle-init-webpack@0.0.2 dev: `webpack-dev-server`
22 error Exit status 3221225786
23 error Failed at the truffle-init-webpack@0.0.2 dev script 'webpack-dev-server'.
23 error Make sure you have the latest version of node.js and npm installed.
23 error If you do, this is most likely a problem with the truffle-init-webpack package,
23 error not with npm itself.
23 error Tell the author that this fails on your system:
23 error     webpack-dev-server
23 error You can get information on how to open an issue for this project with:
23 error     npm bugs truffle-init-webpack
23 error Or if that isn't available, you can get their info via:
23 error     npm owner ls truffle-init-webpack
23 error There is likely additional logging output above.
24 verbose exit [ 1, true ]
